<?xml version="1.0" encoding="UTF-8"?>
<testng-results skipped="0" failed="0" total="0" passed="0">
  <reporter-output>
  </reporter-output>
  <suite name="Command line suite" duration-ms="2" started-at="2020-04-15T09:11:51Z" finished-at="2020-04-15T09:11:51Z">
    <groups>
    </groups>
    <test name="Command line test" duration-ms="2" started-at="2020-04-15T09:11:51Z" finished-at="2020-04-15T09:11:51Z">
      <class name="com.corelogic.automation.TestRunner">
        <test-method status="PASS" signature="test(java.lang.String, java.lang.String, java.lang.String, java.lang.String, java.lang.String, java.lang.String, java.lang.String)[pri:0, instance:com.corelogic.automation.TestRunner@6fadae5d]" name="test" is-config="true" duration-ms="179" started-at="2020-04-15T14:41:51Z" finished-at="2020-04-15T14:41:51Z">
          <params>
            <param index="0">
              <value>
                <![CDATA[]]>
              </value>
            </param>
            <param index="1">
              <value>
                <![CDATA[]]>
              </value>
            </param>
            <param index="2">
              <value>
                <![CDATA[]]>
              </value>
            </param>
            <param index="3">
              <value>
                <![CDATA[]]>
              </value>
            </param>
            <param index="4">
              <value>
                <![CDATA[]]>
              </value>
            </param>
            <param index="5">
              <value>
                <![CDATA[]]>
              </value>
            </param>
            <param index="6">
              <value>
                <![CDATA[]]>
              </value>
            </param>
          </params>
          <reporter-output>
          </reporter-output>
        </test-method> <!-- test -->
      </class> <!-- com.corelogic.automation.TestRunner -->
    </test> <!-- Command line test -->
  </suite> <!-- Command line suite -->
</testng-results>
